2025-01-30 00:06:37,459 - PCSMT_log - INFO - 文件存在
2025-01-30 00:06:37,459 - PCSMT_log - INFO - 已存在config文件
2025-01-30 00:06:37,466 - PCSMT_log - INFO - 文件夹存在
2025-01-30 00:06:37,468 - PCSMT_log - INFO - 文件夹存在
2025-01-30 00:06:37,468 - PCSMT_log - INFO - 文件夹存在
2025-01-30 00:06:37,468 - PCSMT_log - INFO - 文件夹存在
2025-01-30 00:06:37,468 - PCSMT_log - INFO - 文件夹存在
2025-01-30 00:07:02,517 - PCSMT_log - WARNING - 参数错误:最小内存不能大于最大内存
2025-01-30 00:07:02,517 - PCSMT_log - INFO - 已自动调整最小内存为最大内存
2025-01-30 00:07:02,518 - PCSMT_log - INFO - 正在修改服务器启动批处理文件...
2025-01-30 00:07:02,518 - PCSMT_log - INFO - 修改服务器启动内存为：1423 23414
2025-01-30 00:07:02,518 - PCSMT_log - INFO - 修改完毕！
2025-01-30 00:07:19,126 - PCSMT_log - INFO - 文件存在
2025-01-30 00:07:19,127 - PCSMT_log - INFO - 修改nogui设置成功
2025-01-30 00:07:20,989 - PCSMT_log - WARNING - 参数错误:最小内存不能大于最大内存
2025-01-30 00:07:20,989 - PCSMT_log - INFO - 已自动调整最小内存为最大内存
2025-01-30 00:07:20,992 - PCSMT_log - INFO - 正在修改服务器启动批处理文件...
2025-01-30 00:07:20,992 - PCSMT_log - INFO - 修改服务器启动内存为：1423 23414
2025-01-30 00:07:20,992 - PCSMT_log - INFO - 修改完毕！
2025-01-30 00:07:34,956 - PCSMT_log - INFO - 文件存在
2025-01-30 00:07:34,958 - PCSMT_log - INFO - 修改nogui设置成功
2025-01-30 00:07:36,766 - PCSMT_log - WARNING - 参数错误:最小内存不能大于最大内存
2025-01-30 00:07:36,766 - PCSMT_log - INFO - 已自动调整最小内存为最大内存
2025-01-30 00:07:36,768 - PCSMT_log - INFO - 正在修改服务器启动批处理文件...
2025-01-30 00:07:36,768 - PCSMT_log - INFO - 修改服务器启动内存为：1423 23414
2025-01-30 00:07:36,768 - PCSMT_log - INFO - 修改完毕！
2025-01-30 00:07:42,469 - PCSMT_log - INFO - 再见！
2025-01-30 00:07:42,469 - PCSMT_log - INFO - 欢迎再次使用PCSMT 2
