2025-01-29 23:23:29,409 - PCSMT_log - INFO - 文件存在
2025-01-29 23:23:29,409 - PCSMT_log - INFO - 已存在config文件
2025-01-29 23:23:29,435 - PCSMT_log - INFO - 文件夹存在
2025-01-29 23:23:29,435 - PCSMT_log - INFO - 文件夹存在
2025-01-29 23:23:29,435 - PCSMT_log - INFO - 文件夹存在
2025-01-29 23:23:29,436 - PCSMT_log - INFO - 文件夹存在
2025-01-29 23:23:29,436 - PCSMT_log - INFO - 文件夹存在
2025-01-29 23:23:42,432 - PCSMT_log - WARNING - 参数错误:最小内存不能大于最大内存
2025-01-29 23:23:42,432 - PCSMT_log - INFO - 已自动调整最小内存为最大内存
2025-01-29 23:23:42,433 - PCSMT_log - INFO - 正在修改服务器启动批处理文件...
2025-01-29 23:23:42,433 - PCSMT_log - INFO - 修改服务器启动内存为：1324 2324
2025-01-29 23:23:42,434 - PCSMT_log - INFO - 修改完毕！
2025-01-29 23:24:48,542 - PCSMT_log - WARNING - 参数错误:最小内存不能大于最大内存
2025-01-29 23:24:48,542 - PCSMT_log - INFO - 已自动调整最小内存为最大内存
2025-01-29 23:24:48,542 - PCSMT_log - INFO - 文件存在
2025-01-29 23:24:48,542 - PCSMT_log - INFO - 最小内存:2314
2025-01-29 23:24:48,542 - PCSMT_log - INFO - 最大内存:5745
2025-01-29 23:24:48,542 - PCSMT_log - INFO - 修改服务器启动内存成功
2025-01-29 23:24:59,654 - PCSMT_log - INFO - 再见！
2025-01-29 23:24:59,655 - PCSMT_log - INFO - 欢迎再次使用PCSMT 2
