2025-01-29 23:49:55,470 - PCSMT_log - INFO - 文件存在
2025-01-29 23:49:55,471 - PCSMT_log - INFO - 已存在config文件
2025-01-29 23:49:55,481 - PCSMT_log - INFO - 文件夹存在
2025-01-29 23:49:55,481 - PCSMT_log - INFO - 文件夹存在
2025-01-29 23:49:55,482 - PCSMT_log - INFO - 文件夹存在
2025-01-29 23:49:55,482 - PCSMT_log - INFO - 文件夹存在
2025-01-29 23:49:55,482 - PCSMT_log - INFO - 文件夹存在
2025-01-29 23:50:05,639 - PCSMT_log - WARNING - 参数错误:最小内存不能大于最大内存
2025-01-29 23:50:05,640 - PCSMT_log - INFO - 已自动调整最小内存为最大内存
2025-01-29 23:50:05,642 - PCSMT_log - INFO - 正在修改服务器启动批处理文件...
2025-01-29 23:50:05,642 - PCSMT_log - INFO - 修改服务器启动内存为：1234 2312
2025-01-29 23:50:05,643 - PCSMT_log - INFO - 修改完毕！
2025-01-29 23:50:27,694 - PCSMT_log - INFO - 文件存在
2025-01-29 23:50:27,694 - PCSMT_log - INFO - 修改nogui设置成功
2025-01-29 23:50:30,679 - PCSMT_log - WARNING - 参数错误:最小内存不能大于最大内存
2025-01-29 23:50:30,679 - PCSMT_log - INFO - 已自动调整最小内存为最大内存
2025-01-29 23:50:30,680 - PCSMT_log - INFO - 正在修改服务器启动批处理文件...
2025-01-29 23:50:30,681 - PCSMT_log - INFO - 修改服务器启动内存为：1234 2312
2025-01-29 23:50:30,681 - PCSMT_log - INFO - 修改完毕！
2025-01-29 23:58:59,005 - PCSMT_log - WARNING - 参数错误:最小内存不能大于最大内存
2025-01-29 23:58:59,005 - PCSMT_log - INFO - 已自动调整最小内存为最大内存
2025-01-29 23:58:59,009 - PCSMT_log - INFO - 正在修改服务器启动批处理文件...
2025-01-29 23:58:59,010 - PCSMT_log - INFO - 修改服务器启动内存为：1234 2312
2025-01-29 23:58:59,010 - PCSMT_log - INFO - 修改完毕！
2025-01-29 23:59:01,317 - PCSMT_log - INFO - 再见！
2025-01-29 23:59:01,318 - PCSMT_log - INFO - 欢迎再次使用PCSMT 2
